./lib/Constraints/LHConsSoln.cpp
./lib/Constraints/LHConstraintKit.cpp
./lib/Constraints/LHConstraints.cpp
./lib/Constraints/MTSolve.cpp
./lib/Constraints/PartialSolution.cpp
./lib/Constraints/Test.cpp
./lib/Deps/CallContext.cpp
./lib/Deps/Infoflow.cpp
./lib/Deps/InfoflowSignature.cpp
./lib/Deps/SignatureLibrary.cpp
./lib/Deps/Slice.cpp
./lib/Deps/StdLibSignatures.cpp
./lib/PointsToInterface/PointsToInterface.cpp
./lib/SourceSinkAnalysis/SourceSinkAnalysis.cpp
./include/CallContext.h
./include/CallSensitiveAnalysisPass.h
./include/Constraints/ConstraintKit.h
./include/Constraints/DepsTypes.h
./include/Constraints/LHConsSoln.h
./include/Constraints/LHConstraint.h
./include/Constraints/LHConstraintKit.h
./include/Constraints/LHConstraints.h
./include/Constraints/PartialSolution.h
./include/Constraints/SolverThread.h
./include/FlowRecord.h
./include/FPCache.h
./include/Infoflow.h
./include/InfoflowSignature.h
./include/InterProcAnalysisPass.h
./include/PointsToInterface.h
./include/SignatureLibrary.h
./include/Slice.h
./include/SourceSinkAnalysis.h
./lib/Deps/StdLibSignatures.h
